<?xml version="1.0" encoding="UTF-8"?>
<testsuite xmlns:xsi="http://www.w3.org/2001/XMLSchema-instance" xsi:noNamespaceSchemaLocation="https://maven.apache.org/surefire/maven-surefire-plugin/xsd/surefire-test-report.xsd" name="LoginPageTest" time="29.955" tests="2" errors="0" skipped="0" failures="0">
  <properties>
[...]
</properties>
  <testcase name="successfullyLoginIntoSystemTest" classname="LoginPageTest" time="14.942"/>
  <testcase name="failedLoginIntoSystemTest" classname="LoginPageTest" time="15.011"/>
</testsuite>